2026-01-20T11:05:16.609099 - Checking for config in: /host_audible, /root/.audible
2026-01-20T11:05:16.609132 - Found config path: /host_audible
2026-01-20T11:05:16.609753 - Primary profile: jc4369@gmail.com
2026-01-20T11:05:16.609781 - Found country code: us
2026-01-20T11:09:22.054318 - Checking for config in: /host_audible, /root/.audible
2026-01-20T11:09:22.054425 - Found locale_code='us' in /data/auth.json
2026-01-20T11:09:22.054472 - Loading auth from /data/auth.json with locale Locale class for domain: com, marketplace: AF2M0KC94RCEA
2026-01-20T11:09:22.054874 - Loaded auth. Marketplace: Unknown
2026-01-20T11:09:35.110027 - Checking for config in: /host_audible, /root/.audible
2026-01-20T11:09:35.110759 - Found locale_code='us' in /data/auth.json
2026-01-20T11:09:35.110793 - Loading auth from /data/auth.json with locale Locale class for domain: com, marketplace: AF2M0KC94RCEA
2026-01-20T11:09:35.110909 - Loaded auth. Marketplace: Unknown
2026-01-20T11:41:06.284485 - Checking for config in: /host_audible, /root/.audible
2026-01-20T11:41:06.284614 - Found locale_code='us' in /data/auth.json
2026-01-20T11:41:06.284647 - Loading auth from /data/auth.json with locale Locale class for domain: com, marketplace: AF2M0KC94RCEA
2026-01-20T11:41:06.284987 - Loaded auth. Marketplace: Unknown
2026-01-20T11:41:15.497701 - Checking for config in: /host_audible, /root/.audible
2026-01-20T11:41:15.498689 - Found locale_code='us' in /data/auth.json
2026-01-20T11:41:15.499156 - Loading auth from /data/auth.json with locale Locale class for domain: com, marketplace: AF2M0KC94RCEA
2026-01-20T11:41:15.499330 - Loaded auth. Marketplace: Unknown
2026-01-20T11:41:27.425367 - Checking for config in: /host_audible, /root/.audible
2026-01-20T11:41:27.425473 - Found locale_code='us' in /data/auth.json
2026-01-20T11:41:27.425495 - Loading auth from /data/auth.json with locale Locale class for domain: com, marketplace: AF2M0KC94RCEA
2026-01-20T11:41:27.425609 - Loaded auth. Marketplace: Unknown
2026-01-20T11:41:43.255415 - Checking for config in: /host_audible, /root/.audible
2026-01-20T11:41:43.255652 - Found locale_code='us' in /data/auth.json
2026-01-20T11:41:43.255717 - Loading auth from /data/auth.json with locale Locale class for domain: com, marketplace: AF2M0KC94RCEA
2026-01-20T11:41:43.256472 - Loaded auth. Marketplace: Unknown
2026-01-20T11:41:50.913606 - Checking for config in: /host_audible, /root/.audible
2026-01-20T11:41:50.913766 - Found locale_code='us' in /data/auth.json
2026-01-20T11:41:50.913797 - Loading auth from /data/auth.json with locale Locale class for domain: com, marketplace: AF2M0KC94RCEA
2026-01-20T11:41:50.913943 - Loaded auth. Marketplace: Unknown
2026-01-20T11:41:58.136721 - Checking for config in: /host_audible, /root/.audible
2026-01-20T11:41:58.136881 - Found locale_code='us' in /data/auth.json
2026-01-20T11:41:58.137016 - Loading auth from /data/auth.json with locale Locale class for domain: com, marketplace: AF2M0KC94RCEA
2026-01-20T11:41:58.137443 - Loaded auth. Marketplace: Unknown
2026-01-20T11:42:05.969614 - Checking for config in: /host_audible, /root/.audible
2026-01-20T11:42:05.970006 - Found locale_code='us' in /data/auth.json
2026-01-20T11:42:05.970053 - Loading auth from /data/auth.json with locale Locale class for domain: com, marketplace: AF2M0KC94RCEA
2026-01-20T11:42:05.970174 - Loaded auth. Marketplace: Unknown
2026-01-20T11:44:42.821809 - Checking for config in: /host_audible, /root/.audible
2026-01-20T11:44:42.821924 - Found locale_code='us' in /data/auth.json
2026-01-20T11:44:42.822153 - Loading auth from /data/auth.json with locale Locale class for domain: com, marketplace: AF2M0KC94RCEA
2026-01-20T11:44:42.822470 - Loaded auth. Marketplace: Unknown
2026-01-20T11:46:00.047024 - Checking for config in: /host_audible, /root/.audible
2026-01-20T11:46:00.047505 - Found locale_code='us' in /data/auth.json
2026-01-20T11:46:00.047555 - Loading auth from /data/auth.json with locale Locale class for domain: com, marketplace: AF2M0KC94RCEA
2026-01-20T11:46:00.047944 - Loaded auth. Marketplace: Unknown
2026-01-20T11:46:04.732367 - Checking for config in: /host_audible, /root/.audible
2026-01-20T11:46:04.732614 - Found locale_code='us' in /data/auth.json
2026-01-20T11:46:04.732725 - Loading auth from /data/auth.json with locale Locale class for domain: com, marketplace: AF2M0KC94RCEA
2026-01-20T11:46:04.733051 - Loaded auth. Marketplace: Unknown
2026-01-20T11:51:23.391370 - Checking for config in: /host_audible, /root/.audible
2026-01-20T11:51:23.391476 - Found locale_code='us' in /data/auth.json
2026-01-20T11:51:23.391521 - Loading auth from /data/auth.json with locale Locale class for domain: com, marketplace: AF2M0KC94RCEA
2026-01-20T11:51:23.391825 - Loaded auth. Marketplace: Unknown
2026-01-20T11:52:25.998695 - Checking for config in: /host_audible, /root/.audible
2026-01-20T11:52:25.998794 - Found locale_code='us' in /data/auth.json
2026-01-20T11:52:25.998832 - Loading auth from /data/auth.json with locale Locale class for domain: com, marketplace: AF2M0KC94RCEA
2026-01-20T11:52:25.999096 - Loaded auth. Marketplace: Unknown
2026-01-20T11:59:49.909655 - Checking for config in: /host_audible, /root/.audible
2026-01-20T11:59:49.909762 - Found locale_code='us' in /data/auth.json
2026-01-20T11:59:49.909792 - Loading auth from /data/auth.json with locale Locale class for domain: com, marketplace: AF2M0KC94RCEA
2026-01-20T11:59:49.910121 - Loaded auth. Marketplace: Unknown
2026-01-20T12:00:51.421625 - Checking for config in: /host_audible, /root/.audible
2026-01-20T12:00:51.421931 - Found locale_code='us' in /data/auth.json
2026-01-20T12:00:51.422074 - Loading auth from /data/auth.json with locale Locale class for domain: com, marketplace: AF2M0KC94RCEA
2026-01-20T12:00:51.422199 - Loaded auth. Marketplace: Unknown
2026-01-20T12:01:17.219718 - Checking for config in: /host_audible, /root/.audible
2026-01-20T12:01:17.219961 - Found locale_code='us' in /data/auth.json
2026-01-20T12:01:17.220017 - Loading auth from /data/auth.json with locale Locale class for domain: com, marketplace: AF2M0KC94RCEA
2026-01-20T12:01:17.220290 - Loaded auth. Marketplace: Unknown
2026-01-20T12:01:17.303911 - Checking for config in: /host_audible, /root/.audible
2026-01-20T12:01:17.304018 - Found locale_code='us' in /data/auth.json
2026-01-20T12:01:17.304045 - Loading auth from /data/auth.json with locale Locale class for domain: com, marketplace: AF2M0KC94RCEA
2026-01-20T12:01:17.304155 - Loaded auth. Marketplace: Unknown
2026-01-20T12:01:35.976930 - Checking for config in: /host_audible, /root/.audible
2026-01-20T12:01:35.977196 - Found locale_code='us' in /data/auth.json
2026-01-20T12:01:35.977270 - Loading auth from /data/auth.json with locale Locale class for domain: com, marketplace: AF2M0KC94RCEA
2026-01-20T12:01:35.977819 - Loaded auth. Marketplace: Unknown
2026-01-20T12:01:36.050844 - Checking for config in: /host_audible, /root/.audible
2026-01-20T12:01:36.050939 - Found locale_code='us' in /data/auth.json
2026-01-20T12:01:36.050962 - Loading auth from /data/auth.json with locale Locale class for domain: com, marketplace: AF2M0KC94RCEA
2026-01-20T12:01:36.051104 - Loaded auth. Marketplace: Unknown
2026-01-20T12:02:13.626580 - Checking for config in: /host_audible, /root/.audible
2026-01-20T12:02:13.626915 - Found locale_code='us' in /data/auth.json
2026-01-20T12:02:13.626977 - Loading auth from /data/auth.json with locale Locale class for domain: com, marketplace: AF2M0KC94RCEA
2026-01-20T12:02:13.627499 - Loaded auth. Marketplace: Unknown
2026-01-20T13:24:32.210870 - Checking for config in: /host_audible, /root/.audible
2026-01-20T13:24:32.211019 - Found locale_code='us' in /data/auth.json
2026-01-20T13:24:32.211087 - Loading auth from /data/auth.json with locale Locale class for domain: com, marketplace: AF2M0KC94RCEA
2026-01-20T13:24:32.211373 - Loaded auth. Marketplace: Unknown
2026-01-20T13:29:37.402970 - Checking for config in: /host_audible, /root/.audible
2026-01-20T13:29:37.403075 - Found locale_code='us' in /data/auth.json
2026-01-20T13:29:37.403123 - Loading auth from /data/auth.json with locale Locale class for domain: com, marketplace: AF2M0KC94RCEA
2026-01-20T13:29:37.403481 - Loaded auth. Marketplace: Unknown
2026-01-20T13:33:36.086710 - Checking for config in: /host_audible, /root/.audible
2026-01-20T13:33:36.086813 - Found locale_code='us' in /data/auth.json
2026-01-20T13:33:36.087203 - Loading auth from /data/auth.json with locale Locale class for domain: com, marketplace: AF2M0KC94RCEA
2026-01-20T13:33:36.087693 - Loaded auth. Marketplace: Unknown
2026-01-20T13:38:17.594168 - Checking for config in: /host_audible, /root/.audible
2026-01-20T13:38:17.594512 - Found locale_code='us' in /data/auth.json
2026-01-20T13:38:17.594554 - Loading auth from /data/auth.json with locale Locale class for domain: com, marketplace: AF2M0KC94RCEA
2026-01-20T13:38:17.594853 - Loaded auth. Marketplace: Unknown
2026-01-20T13:47:34.212501 - Checking for config in: /host_audible, /root/.audible
2026-01-20T13:47:34.212588 - Found locale_code='us' in /data/auth.json
2026-01-20T13:47:34.212613 - Loading auth from /data/auth.json with locale Locale class for domain: com, marketplace: AF2M0KC94RCEA
2026-01-20T13:47:34.213252 - Loaded auth. Marketplace: Unknown
2026-01-20T13:53:11.068509 - Checking for config in: /host_audible, /root/.audible
2026-01-20T13:53:11.068719 - Found locale_code='us' in /data/auth.json
2026-01-20T13:53:11.069368 - Loading auth from /data/auth.json with locale Locale class for domain: com, marketplace: AF2M0KC94RCEA
2026-01-20T13:53:11.069718 - Loaded auth. Marketplace: Unknown
2026-01-20T13:53:11.231342 - Checking for config in: /host_audible, /root/.audible
2026-01-20T13:53:11.231447 - Found locale_code='us' in /data/auth.json
2026-01-20T13:53:11.231477 - Loading auth from /data/auth.json with locale Locale class for domain: com, marketplace: AF2M0KC94RCEA
2026-01-20T13:53:11.231889 - Loaded auth. Marketplace: Unknown
2026-01-20T13:53:31.280799 - Checking for config in: /host_audible, /root/.audible
2026-01-20T13:53:31.281093 - Found locale_code='us' in /data/auth.json
2026-01-20T13:53:31.281249 - Loading auth from /data/auth.json with locale Locale class for domain: com, marketplace: AF2M0KC94RCEA
2026-01-20T13:53:31.281409 - Loaded auth. Marketplace: Unknown
2026-01-20T13:54:24.769448 - Checking for config in: /host_audible, /root/.audible
2026-01-20T13:54:24.769548 - Found locale_code='us' in /data/auth.json
2026-01-20T13:54:24.769577 - Loading auth from /data/auth.json with locale Locale class for domain: com, marketplace: AF2M0KC94RCEA
2026-01-20T13:54:24.769867 - Loaded auth. Marketplace: Unknown
2026-01-20T14:00:10.781298 - Checking for config in: /host_audible, /root/.audible
2026-01-20T14:00:10.781557 - Found locale_code='us' in /data/auth.json
2026-01-20T14:00:10.781649 - Loading auth from /data/auth.json with locale Locale class for domain: com, marketplace: AF2M0KC94RCEA
2026-01-20T14:00:10.782069 - Loaded auth. Marketplace: Unknown
2026-01-20T14:05:05.399011 - Checking for config in: /host_audible, /root/.audible
2026-01-20T14:05:05.399115 - Found locale_code='us' in /data/auth.json
2026-01-20T14:05:05.399142 - Loading auth from /data/auth.json with locale Locale class for domain: com, marketplace: AF2M0KC94RCEA
2026-01-20T14:05:05.399441 - Loaded auth. Marketplace: Unknown
2026-01-20T14:06:40.672842 - Checking for config in: /host_audible, /root/.audible
2026-01-20T14:06:40.673152 - Found locale_code='us' in /data/auth.json
2026-01-20T14:06:40.673185 - Loading auth from /data/auth.json with locale Locale class for domain: com, marketplace: AF2M0KC94RCEA
2026-01-20T14:06:40.673568 - Loaded auth. Marketplace: Unknown
2026-01-20T14:10:29.524885 - Checking for config in: /host_audible, /root/.audible
2026-01-20T14:10:29.525147 - Found locale_code='us' in /data/auth.json
2026-01-20T14:10:29.525189 - Loading auth from /data/auth.json with locale Locale class for domain: com, marketplace: AF2M0KC94RCEA
2026-01-20T14:10:29.525543 - Loaded auth. Marketplace: Unknown
2026-01-20T14:21:00.322770 - Checking for config in: /host_audible, /root/.audible
2026-01-20T14:21:00.322862 - Found locale_code='us' in /data/auth.json
2026-01-20T14:21:00.322905 - Loading auth from /data/auth.json with locale Locale class for domain: com, marketplace: AF2M0KC94RCEA
2026-01-20T14:21:00.323263 - Loaded auth. Marketplace: Unknown
2026-01-20T14:21:18.594022 - Checking for config in: /host_audible, /root/.audible
2026-01-20T14:21:18.594657 - Found locale_code='us' in /data/auth.json
2026-01-20T14:21:18.594794 - Loading auth from /data/auth.json with locale Locale class for domain: com, marketplace: AF2M0KC94RCEA
2026-01-20T14:21:18.594965 - Loaded auth. Marketplace: Unknown
2026-01-20T14:21:28.155301 - Checking for config in: /host_audible, /root/.audible
2026-01-20T14:21:28.156126 - Found locale_code='us' in /data/auth.json
2026-01-20T14:21:28.156341 - Loading auth from /data/auth.json with locale Locale class for domain: com, marketplace: AF2M0KC94RCEA
2026-01-20T14:21:28.156938 - Loaded auth. Marketplace: Unknown
2026-01-20T14:22:32.198001 - Checking for config in: /host_audible, /root/.audible
2026-01-20T14:22:32.198321 - Found locale_code='us' in /data/auth.json
2026-01-20T14:22:32.198800 - Loading auth from /data/auth.json with locale Locale class for domain: com, marketplace: AF2M0KC94RCEA
2026-01-20T14:22:32.199402 - Loaded auth. Marketplace: Unknown
2026-01-20T14:22:45.976247 - Checking for config in: /host_audible, /root/.audible
2026-01-20T14:22:45.977038 - Found locale_code='us' in /data/auth.json
2026-01-20T14:22:45.977125 - Loading auth from /data/auth.json with locale Locale class for domain: com, marketplace: AF2M0KC94RCEA
2026-01-20T14:22:45.977462 - Loaded auth. Marketplace: Unknown
2026-01-20T14:22:50.599496 - Checking for config in: /host_audible, /root/.audible
2026-01-20T14:22:50.599651 - Found locale_code='us' in /data/auth.json
2026-01-20T14:22:50.600716 - Loading auth from /data/auth.json with locale Locale class for domain: com, marketplace: AF2M0KC94RCEA
2026-01-20T14:22:50.600970 - Loaded auth. Marketplace: Unknown
2026-01-20T14:23:00.578590 - Checking for config in: /host_audible, /root/.audible
2026-01-20T14:23:00.578710 - Found locale_code='us' in /data/auth.json
2026-01-20T14:23:00.578736 - Loading auth from /data/auth.json with locale Locale class for domain: com, marketplace: AF2M0KC94RCEA
2026-01-20T14:23:00.578905 - Loaded auth. Marketplace: Unknown
2026-01-20T14:23:01.182446 - Checking for config in: /host_audible, /root/.audible
2026-01-20T14:23:01.182584 - Found locale_code='us' in /data/auth.json
2026-01-20T14:23:01.182606 - Loading auth from /data/auth.json with locale Locale class for domain: com, marketplace: AF2M0KC94RCEA
2026-01-20T14:23:01.182718 - Loaded auth. Marketplace: Unknown
2026-01-20T14:23:02.438060 - Checking for config in: /host_audible, /root/.audible
2026-01-20T14:23:02.438247 - Found locale_code='us' in /data/auth.json
2026-01-20T14:23:02.438280 - Loading auth from /data/auth.json with locale Locale class for domain: com, marketplace: AF2M0KC94RCEA
2026-01-20T14:23:02.438385 - Loaded auth. Marketplace: Unknown
2026-01-20T14:35:48.395488 - Checking for config in: /host_audible, /root/.audible
2026-01-20T14:35:48.395670 - Found locale_code='us' in /data/auth.json
2026-01-20T14:35:48.395706 - Loading auth from /data/auth.json with locale Locale class for domain: com, marketplace: AF2M0KC94RCEA
2026-01-20T14:35:48.396117 - Loaded auth. Marketplace: Unknown
2026-01-20T14:35:52.028730 - Checking for config in: /host_audible, /root/.audible
2026-01-20T14:35:52.029209 - Found locale_code='us' in /data/auth.json
2026-01-20T14:35:52.029268 - Loading auth from /data/auth.json with locale Locale class for domain: com, marketplace: AF2M0KC94RCEA
2026-01-20T14:35:52.029505 - Loaded auth. Marketplace: Unknown
2026-01-20T14:35:52.107632 - Checking for config in: /host_audible, /root/.audible
2026-01-20T14:35:52.108696 - Found locale_code='us' in /data/auth.json
2026-01-20T14:35:52.108730 - Loading auth from /data/auth.json with locale Locale class for domain: com, marketplace: AF2M0KC94RCEA
2026-01-20T14:35:52.108843 - Loaded auth. Marketplace: Unknown
2026-01-20T14:37:13.760775 - Checking for config in: /host_audible, /root/.audible
2026-01-20T14:37:13.760968 - Found locale_code='us' in /data/auth.json
2026-01-20T14:37:13.761007 - Loading auth from /data/auth.json with locale Locale class for domain: com, marketplace: AF2M0KC94RCEA
2026-01-20T14:37:13.761182 - Loaded auth. Marketplace: Unknown
2026-01-20T14:37:13.913668 - Checking for config in: /host_audible, /root/.audible
2026-01-20T14:37:13.914026 - Found locale_code='us' in /data/auth.json
2026-01-20T14:37:13.914321 - Loading auth from /data/auth.json with locale Locale class for domain: com, marketplace: AF2M0KC94RCEA
2026-01-20T14:37:13.914493 - Loaded auth. Marketplace: Unknown
2026-01-20T14:38:29.025214 - Checking for config in: /host_audible, /root/.audible
2026-01-20T14:38:29.025367 - Found locale_code='us' in /data/auth.json
2026-01-20T14:38:29.025395 - Loading auth from /data/auth.json with locale Locale class for domain: com, marketplace: AF2M0KC94RCEA
2026-01-20T14:38:29.025728 - Loaded auth. Marketplace: Unknown
2026-01-20T14:38:29.215892 - Checking for config in: /host_audible, /root/.audible
2026-01-20T14:38:29.218943 - Found locale_code='us' in /data/auth.json
2026-01-20T14:38:29.218998 - Loading auth from /data/auth.json with locale Locale class for domain: com, marketplace: AF2M0KC94RCEA
2026-01-20T14:38:29.219149 - Loaded auth. Marketplace: Unknown
2026-01-20T14:38:38.498181 - Checking for config in: /host_audible, /root/.audible
2026-01-20T14:38:38.498312 - Found locale_code='us' in /data/auth.json
2026-01-20T14:38:38.498469 - Loading auth from /data/auth.json with locale Locale class for domain: com, marketplace: AF2M0KC94RCEA
2026-01-20T14:38:38.498823 - Loaded auth. Marketplace: Unknown
2026-01-20T14:38:44.560319 - Checking for config in: /host_audible, /root/.audible
2026-01-20T14:38:44.561714 - Found locale_code='us' in /data/auth.json
2026-01-20T14:38:44.561812 - Loading auth from /data/auth.json with locale Locale class for domain: com, marketplace: AF2M0KC94RCEA
2026-01-20T14:38:44.562120 - Loaded auth. Marketplace: Unknown
2026-01-20T14:38:44.670739 - Checking for config in: /host_audible, /root/.audible
2026-01-20T14:38:44.671328 - Found locale_code='us' in /data/auth.json
2026-01-20T14:38:44.671859 - Loading auth from /data/auth.json with locale Locale class for domain: com, marketplace: AF2M0KC94RCEA
2026-01-20T14:38:44.672080 - Loaded auth. Marketplace: Unknown
2026-01-20T14:38:48.533056 - Checking for config in: /host_audible, /root/.audible
2026-01-20T14:38:48.533321 - Found locale_code='us' in /data/auth.json
2026-01-20T14:38:48.533381 - Loading auth from /data/auth.json with locale Locale class for domain: com, marketplace: AF2M0KC94RCEA
2026-01-20T14:38:48.533806 - Loaded auth. Marketplace: Unknown
2026-01-20T14:38:48.615696 - Checking for config in: /host_audible, /root/.audible
2026-01-20T14:38:48.616515 - Found locale_code='us' in /data/auth.json
2026-01-20T14:38:48.616539 - Loading auth from /data/auth.json with locale Locale class for domain: com, marketplace: AF2M0KC94RCEA
2026-01-20T14:38:48.616665 - Loaded auth. Marketplace: Unknown
2026-01-20T14:49:03.934232 - Checking for config in: /host_audible, /root/.audible
2026-01-20T14:49:03.934435 - Found locale_code='us' in /data/auth.json
2026-01-20T14:49:03.934466 - Loading auth from /data/auth.json with locale Locale class for domain: com, marketplace: AF2M0KC94RCEA
2026-01-20T14:49:03.934863 - Loaded auth. Marketplace: Unknown
2026-01-20T14:49:04.068498 - Checking for config in: /host_audible, /root/.audible
2026-01-20T14:49:04.068950 - Found locale_code='us' in /data/auth.json
2026-01-20T14:49:04.069531 - Loading auth from /data/auth.json with locale Locale class for domain: com, marketplace: AF2M0KC94RCEA
2026-01-20T14:49:04.069824 - Loaded auth. Marketplace: Unknown
2026-01-20T14:49:08.665813 - Checking for config in: /host_audible, /root/.audible
2026-01-20T14:49:08.666173 - Found locale_code='us' in /data/auth.json
2026-01-20T14:49:08.666397 - Loading auth from /data/auth.json with locale Locale class for domain: com, marketplace: AF2M0KC94RCEA
2026-01-20T14:49:08.666580 - Loaded auth. Marketplace: Unknown
2026-01-20T14:49:08.737278 - Checking for config in: /host_audible, /root/.audible
2026-01-20T14:49:08.737537 - Found locale_code='us' in /data/auth.json
2026-01-20T14:49:08.737562 - Loading auth from /data/auth.json with locale Locale class for domain: com, marketplace: AF2M0KC94RCEA
2026-01-20T14:49:08.738562 - Loaded auth. Marketplace: Unknown
2026-01-20T14:49:17.277174 - Checking for config in: /host_audible, /root/.audible
2026-01-20T14:49:17.277511 - Found locale_code='us' in /data/auth.json
2026-01-20T14:49:17.277568 - Loading auth from /data/auth.json with locale Locale class for domain: com, marketplace: AF2M0KC94RCEA
2026-01-20T14:49:17.277816 - Loaded auth. Marketplace: Unknown
2026-01-20T14:49:17.358408 - Checking for config in: /host_audible, /root/.audible
2026-01-20T14:49:17.358655 - Found locale_code='us' in /data/auth.json
2026-01-20T14:49:17.358686 - Loading auth from /data/auth.json with locale Locale class for domain: com, marketplace: AF2M0KC94RCEA
2026-01-20T14:49:17.359027 - Loaded auth. Marketplace: Unknown
2026-01-20T14:49:27.632474 - Checking for config in: /host_audible, /root/.audible
2026-01-20T14:49:27.632992 - Found locale_code='us' in /data/auth.json
2026-01-20T14:49:27.633987 - Loading auth from /data/auth.json with locale Locale class for domain: com, marketplace: AF2M0KC94RCEA
2026-01-20T14:49:27.634370 - Loaded auth. Marketplace: Unknown
2026-01-20T14:49:27.713300 - Checking for config in: /host_audible, /root/.audible
2026-01-20T14:49:27.713549 - Found locale_code='us' in /data/auth.json
2026-01-20T14:49:27.714201 - Loading auth from /data/auth.json with locale Locale class for domain: com, marketplace: AF2M0KC94RCEA
2026-01-20T14:49:27.714331 - Loaded auth. Marketplace: Unknown
2026-01-20T14:50:31.823762 - Checking for config in: /host_audible, /root/.audible
2026-01-20T14:50:31.823872 - Found locale_code='us' in /data/auth.json
2026-01-20T14:50:31.823893 - Loading auth from /data/auth.json with locale Locale class for domain: com, marketplace: AF2M0KC94RCEA
2026-01-20T14:50:31.824000 - Loaded auth. Marketplace: Unknown
2026-01-20T14:50:31.987492 - Checking for config in: /host_audible, /root/.audible
2026-01-20T14:50:31.987588 - Found locale_code='us' in /data/auth.json
2026-01-20T14:50:31.987612 - Loading auth from /data/auth.json with locale Locale class for domain: com, marketplace: AF2M0KC94RCEA
2026-01-20T14:50:31.988714 - Loaded auth. Marketplace: Unknown
2026-01-20T14:50:33.114473 - Checking for config in: /host_audible, /root/.audible
2026-01-20T14:50:33.114610 - Found locale_code='us' in /data/auth.json
2026-01-20T14:50:33.114634 - Loading auth from /data/auth.json with locale Locale class for domain: com, marketplace: AF2M0KC94RCEA
2026-01-20T14:50:33.114758 - Loaded auth. Marketplace: Unknown
2026-01-20T14:50:33.183644 - Checking for config in: /host_audible, /root/.audible
2026-01-20T14:50:33.184019 - Found locale_code='us' in /data/auth.json
2026-01-20T14:50:33.184068 - Loading auth from /data/auth.json with locale Locale class for domain: com, marketplace: AF2M0KC94RCEA
2026-01-20T14:50:33.184229 - Loaded auth. Marketplace: Unknown
2026-01-20T14:50:34.430454 - Checking for config in: /host_audible, /root/.audible
2026-01-20T14:50:34.430773 - Found locale_code='us' in /data/auth.json
2026-01-20T14:50:34.430812 - Loading auth from /data/auth.json with locale Locale class for domain: com, marketplace: AF2M0KC94RCEA
2026-01-20T14:50:34.431481 - Loaded auth. Marketplace: Unknown
2026-01-20T14:50:34.504743 - Checking for config in: /host_audible, /root/.audible
2026-01-20T14:50:34.504839 - Found locale_code='us' in /data/auth.json
2026-01-20T14:50:34.504858 - Loading auth from /data/auth.json with locale Locale class for domain: com, marketplace: AF2M0KC94RCEA
2026-01-20T14:50:34.504953 - Loaded auth. Marketplace: Unknown
2026-01-20T14:50:35.558054 - Checking for config in: /host_audible, /root/.audible
2026-01-20T14:50:35.558418 - Found locale_code='us' in /data/auth.json
2026-01-20T14:50:35.558688 - Loading auth from /data/auth.json with locale Locale class for domain: com, marketplace: AF2M0KC94RCEA
2026-01-20T14:50:35.559216 - Loaded auth. Marketplace: Unknown
2026-01-20T14:50:35.639663 - Checking for config in: /host_audible, /root/.audible
2026-01-20T14:50:35.639993 - Found locale_code='us' in /data/auth.json
2026-01-20T14:50:35.640534 - Loading auth from /data/auth.json with locale Locale class for domain: com, marketplace: AF2M0KC94RCEA
2026-01-20T14:50:35.640667 - Loaded auth. Marketplace: Unknown
2026-01-20T14:50:48.785291 - Checking for config in: /host_audible, /root/.audible
2026-01-20T14:50:48.785458 - Found locale_code='us' in /data/auth.json
2026-01-20T14:50:48.786638 - Loading auth from /data/auth.json with locale Locale class for domain: com, marketplace: AF2M0KC94RCEA
2026-01-20T14:50:48.786828 - Loaded auth. Marketplace: Unknown
2026-01-20T14:50:49.168170 - Checking for config in: /host_audible, /root/.audible
2026-01-20T14:50:49.169020 - Found locale_code='us' in /data/auth.json
2026-01-20T14:50:49.169114 - Loading auth from /data/auth.json with locale Locale class for domain: com, marketplace: AF2M0KC94RCEA
2026-01-20T14:50:49.169231 - Loaded auth. Marketplace: Unknown
2026-01-20T14:51:05.429101 - Checking for config in: /host_audible, /root/.audible
2026-01-20T14:51:05.429325 - Found locale_code='us' in /data/auth.json
2026-01-20T14:51:05.429371 - Loading auth from /data/auth.json with locale Locale class for domain: com, marketplace: AF2M0KC94RCEA
2026-01-20T14:51:05.429765 - Loaded auth. Marketplace: Unknown
2026-01-20T14:51:17.241898 - Checking for config in: /host_audible, /root/.audible
2026-01-20T14:51:17.242099 - Found locale_code='us' in /data/auth.json
2026-01-20T14:51:17.242225 - Loading auth from /data/auth.json with locale Locale class for domain: com, marketplace: AF2M0KC94RCEA
2026-01-20T14:51:17.242372 - Loaded auth. Marketplace: Unknown
2026-01-20T14:56:35.665647 - Checking for config in: /host_audible, /root/.audible
2026-01-20T14:56:35.665904 - Found locale_code='us' in /data/auth.json
2026-01-20T14:56:35.665974 - Loading auth from /data/auth.json with locale Locale class for domain: com, marketplace: AF2M0KC94RCEA
2026-01-20T14:56:35.666374 - Loaded auth. Marketplace: Unknown
2026-01-20T15:05:16.678222 - Checking for config in: /host_audible, /root/.audible
2026-01-20T15:05:16.678550 - Found locale_code='us' in /data/auth.json
2026-01-20T15:05:16.678628 - Loading auth from /data/auth.json with locale Locale class for domain: com, marketplace: AF2M0KC94RCEA
2026-01-20T15:05:16.678941 - Loaded auth. Marketplace: Unknown
2026-01-20T15:07:01.871027 - Checking for config in: /host_audible, /root/.audible
2026-01-20T15:07:01.871125 - Found locale_code='us' in /data/auth.json
2026-01-20T15:07:01.871306 - Loading auth from /data/auth.json with locale Locale class for domain: com, marketplace: AF2M0KC94RCEA
2026-01-20T15:07:01.871692 - Loaded auth. Marketplace: Unknown
2026-01-20T15:15:56.478440 - Checking for config in: /host_audible, /root/.audible
2026-01-20T15:15:56.478774 - Found locale_code='us' in /data/auth.json
2026-01-20T15:15:56.478811 - Loading auth from /data/auth.json with locale Locale class for domain: com, marketplace: AF2M0KC94RCEA
2026-01-20T15:15:56.479114 - Loaded auth. Marketplace: Unknown
2026-01-20T15:17:25.497984 - Checking for config in: /host_audible, /root/.audible
2026-01-20T15:17:25.498183 - Found locale_code='us' in /data/auth.json
2026-01-20T15:17:25.498314 - Loading auth from /data/auth.json with locale Locale class for domain: com, marketplace: AF2M0KC94RCEA
2026-01-20T15:17:25.498670 - Loaded auth. Marketplace: Unknown
2026-01-20T15:20:27.704270 - Checking for config in: /host_audible, /root/.audible
2026-01-20T15:20:27.704375 - Found locale_code='us' in /data/auth.json
2026-01-20T15:20:27.704529 - Loading auth from /data/auth.json with locale Locale class for domain: com, marketplace: AF2M0KC94RCEA
2026-01-20T15:20:27.704909 - Loaded auth. Marketplace: Unknown
2026-01-20T15:23:01.735284 - Checking for config in: /host_audible, /root/.audible
2026-01-20T15:23:01.735647 - Found locale_code='us' in /data/auth.json
2026-01-20T15:23:01.735748 - Loading auth from /data/auth.json with locale Locale class for domain: com, marketplace: AF2M0KC94RCEA
2026-01-20T15:23:01.736229 - Loaded auth. Marketplace: Unknown
2026-01-20T15:23:42.229159 - Checking for config in: /host_audible, /root/.audible
2026-01-20T15:23:42.229362 - Found locale_code='us' in /data/auth.json
2026-01-20T15:23:42.229404 - Loading auth from /data/auth.json with locale Locale class for domain: com, marketplace: AF2M0KC94RCEA
2026-01-20T15:23:42.229973 - Loaded auth. Marketplace: Unknown
2026-01-20T15:23:43.001451 - Checking for config in: /host_audible, /root/.audible
2026-01-20T15:23:43.002012 - Found locale_code='us' in /data/auth.json
2026-01-20T15:23:43.002835 - Loading auth from /data/auth.json with locale Locale class for domain: com, marketplace: AF2M0KC94RCEA
2026-01-20T15:23:43.002982 - Loaded auth. Marketplace: Unknown
2026-01-20T15:23:44.833784 - Checking for config in: /host_audible, /root/.audible
2026-01-20T15:23:44.834699 - Found locale_code='us' in /data/auth.json
2026-01-20T15:23:44.834979 - Loading auth from /data/auth.json with locale Locale class for domain: com, marketplace: AF2M0KC94RCEA
2026-01-20T15:23:44.835115 - Loaded auth. Marketplace: Unknown
2026-01-20T15:23:46.220159 - Checking for config in: /host_audible, /root/.audible
2026-01-20T15:23:46.220334 - Found locale_code='us' in /data/auth.json
2026-01-20T15:23:46.220357 - Loading auth from /data/auth.json with locale Locale class for domain: com, marketplace: AF2M0KC94RCEA
2026-01-20T15:23:46.220468 - Loaded auth. Marketplace: Unknown
2026-01-20T15:23:46.370980 - Checking for config in: /host_audible, /root/.audible
2026-01-20T15:23:46.371168 - Found locale_code='us' in /data/auth.json
2026-01-20T15:23:46.371203 - Loading auth from /data/auth.json with locale Locale class for domain: com, marketplace: AF2M0KC94RCEA
2026-01-20T15:23:46.371320 - Loaded auth. Marketplace: Unknown
2026-01-20T15:23:49.203923 - Checking for config in: /host_audible, /root/.audible
2026-01-20T15:23:49.204308 - Found locale_code='us' in /data/auth.json
2026-01-20T15:23:49.204659 - Loading auth from /data/auth.json with locale Locale class for domain: com, marketplace: AF2M0KC94RCEA
2026-01-20T15:23:49.204827 - Loaded auth. Marketplace: Unknown
2026-01-20T15:23:49.363895 - Checking for config in: /host_audible, /root/.audible
2026-01-20T15:23:49.364083 - Found locale_code='us' in /data/auth.json
2026-01-20T15:23:49.364115 - Loading auth from /data/auth.json with locale Locale class for domain: com, marketplace: AF2M0KC94RCEA
2026-01-20T15:23:49.364219 - Loaded auth. Marketplace: Unknown
2026-01-20T15:23:51.277042 - Checking for config in: /host_audible, /root/.audible
2026-01-20T15:23:51.277281 - Found locale_code='us' in /data/auth.json
2026-01-20T15:23:51.277330 - Loading auth from /data/auth.json with locale Locale class for domain: com, marketplace: AF2M0KC94RCEA
2026-01-20T15:23:51.277608 - Loaded auth. Marketplace: Unknown
2026-01-20T15:23:51.414812 - Checking for config in: /host_audible, /root/.audible
2026-01-20T15:23:51.415172 - Found locale_code='us' in /data/auth.json
2026-01-20T15:23:51.415220 - Loading auth from /data/auth.json with locale Locale class for domain: com, marketplace: AF2M0KC94RCEA
2026-01-20T15:23:51.415363 - Loaded auth. Marketplace: Unknown
2026-01-20T15:23:52.921276 - Checking for config in: /host_audible, /root/.audible
2026-01-20T15:23:52.921559 - Found locale_code='us' in /data/auth.json
2026-01-20T15:23:52.921608 - Loading auth from /data/auth.json with locale Locale class for domain: com, marketplace: AF2M0KC94RCEA
2026-01-20T15:23:52.921862 - Loaded auth. Marketplace: Unknown
2026-01-20T15:23:53.090103 - Checking for config in: /host_audible, /root/.audible
2026-01-20T15:23:53.090831 - Found locale_code='us' in /data/auth.json
2026-01-20T15:23:53.090857 - Loading auth from /data/auth.json with locale Locale class for domain: com, marketplace: AF2M0KC94RCEA
2026-01-20T15:23:53.091269 - Loaded auth. Marketplace: Unknown
2026-01-20T15:23:55.065609 - Checking for config in: /host_audible, /root/.audible
2026-01-20T15:23:55.065758 - Found locale_code='us' in /data/auth.json
2026-01-20T15:23:55.065785 - Loading auth from /data/auth.json with locale Locale class for domain: com, marketplace: AF2M0KC94RCEA
2026-01-20T15:23:55.065927 - Loaded auth. Marketplace: Unknown
2026-01-20T15:23:55.227488 - Checking for config in: /host_audible, /root/.audible
2026-01-20T15:23:55.227593 - Found locale_code='us' in /data/auth.json
2026-01-20T15:23:55.228322 - Loading auth from /data/auth.json with locale Locale class for domain: com, marketplace: AF2M0KC94RCEA
2026-01-20T15:23:55.228627 - Loaded auth. Marketplace: Unknown
2026-01-20T15:23:57.174750 - Checking for config in: /host_audible, /root/.audible
2026-01-20T15:23:57.177097 - Found locale_code='us' in /data/auth.json
2026-01-20T15:23:57.177325 - Loading auth from /data/auth.json with locale Locale class for domain: com, marketplace: AF2M0KC94RCEA
2026-01-20T15:23:57.177758 - Loaded auth. Marketplace: Unknown
2026-01-20T15:23:57.350805 - Checking for config in: /host_audible, /root/.audible
2026-01-20T15:23:57.351506 - Found locale_code='us' in /data/auth.json
2026-01-20T15:23:57.351554 - Loading auth from /data/auth.json with locale Locale class for domain: com, marketplace: AF2M0KC94RCEA
2026-01-20T15:23:57.351683 - Loaded auth. Marketplace: Unknown
2026-01-20T15:23:58.845994 - Checking for config in: /host_audible, /root/.audible
2026-01-20T15:23:58.846512 - Found locale_code='us' in /data/auth.json
2026-01-20T15:23:58.846564 - Loading auth from /data/auth.json with locale Locale class for domain: com, marketplace: AF2M0KC94RCEA
2026-01-20T15:23:58.846802 - Loaded auth. Marketplace: Unknown
2026-01-20T15:23:59.020489 - Checking for config in: /host_audible, /root/.audible
2026-01-20T15:23:59.021382 - Found locale_code='us' in /data/auth.json
2026-01-20T15:23:59.021570 - Loading auth from /data/auth.json with locale Locale class for domain: com, marketplace: AF2M0KC94RCEA
2026-01-20T15:23:59.021835 - Loaded auth. Marketplace: Unknown
2026-01-20T15:24:00.976009 - Checking for config in: /host_audible, /root/.audible
2026-01-20T15:24:00.976151 - Found locale_code='us' in /data/auth.json
2026-01-20T15:24:00.976173 - Loading auth from /data/auth.json with locale Locale class for domain: com, marketplace: AF2M0KC94RCEA
2026-01-20T15:24:00.976280 - Loaded auth. Marketplace: Unknown
2026-01-20T15:24:01.130233 - Checking for config in: /host_audible, /root/.audible
2026-01-20T15:24:01.130432 - Found locale_code='us' in /data/auth.json
2026-01-20T15:24:01.130454 - Loading auth from /data/auth.json with locale Locale class for domain: com, marketplace: AF2M0KC94RCEA
2026-01-20T15:24:01.130551 - Loaded auth. Marketplace: Unknown
2026-01-20T15:24:02.511591 - Checking for config in: /host_audible, /root/.audible
2026-01-20T15:24:02.511730 - Found locale_code='us' in /data/auth.json
2026-01-20T15:24:02.511750 - Loading auth from /data/auth.json with locale Locale class for domain: com, marketplace: AF2M0KC94RCEA
2026-01-20T15:24:02.512134 - Loaded auth. Marketplace: Unknown
2026-01-20T15:24:02.896701 - Checking for config in: /host_audible, /root/.audible
2026-01-20T15:24:02.896955 - Found locale_code='us' in /data/auth.json
2026-01-20T15:24:02.897000 - Loading auth from /data/auth.json with locale Locale class for domain: com, marketplace: AF2M0KC94RCEA
2026-01-20T15:24:02.897603 - Loaded auth. Marketplace: Unknown
2026-01-20T15:29:07.718218 - Checking for config in: /host_audible, /root/.audible
2026-01-20T15:29:07.718530 - Found locale_code='us' in /data/auth.json
2026-01-20T15:29:07.718572 - Loading auth from /data/auth.json with locale Locale class for domain: com, marketplace: AF2M0KC94RCEA
2026-01-20T15:29:07.719064 - Loaded auth. Marketplace: Unknown
2026-01-20T15:29:17.175610 - Checking for config in: /host_audible, /root/.audible
2026-01-20T15:29:17.176184 - Found locale_code='us' in /data/auth.json
2026-01-20T15:29:17.176500 - Loading auth from /data/auth.json with locale Locale class for domain: com, marketplace: AF2M0KC94RCEA
2026-01-20T15:29:17.176684 - Loaded auth. Marketplace: Unknown
2026-01-20T15:29:54.263187 - Checking for config in: /host_audible, /root/.audible
2026-01-20T15:29:54.263347 - Found locale_code='us' in /data/auth.json
2026-01-20T15:29:54.263484 - Loading auth from /data/auth.json with locale Locale class for domain: com, marketplace: AF2M0KC94RCEA
2026-01-20T15:29:54.263744 - Loaded auth. Marketplace: Unknown
2026-01-20T15:30:24.821175 - Checking for config in: /host_audible, /root/.audible
2026-01-20T15:30:24.821323 - Found locale_code='us' in /data/auth.json
2026-01-20T15:30:24.821364 - Loading auth from /data/auth.json with locale Locale class for domain: com, marketplace: AF2M0KC94RCEA
2026-01-20T15:30:24.821673 - Loaded auth. Marketplace: Unknown
2026-01-20T15:30:31.773053 - Checking for config in: /host_audible, /root/.audible
2026-01-20T15:30:31.773387 - Found locale_code='us' in /data/auth.json
2026-01-20T15:30:31.773430 - Loading auth from /data/auth.json with locale Locale class for domain: com, marketplace: AF2M0KC94RCEA
2026-01-20T15:30:31.773552 - Loaded auth. Marketplace: Unknown
2026-01-20T15:30:54.516882 - Checking for config in: /host_audible, /root/.audible
2026-01-20T15:30:54.517520 - Found locale_code='us' in /data/auth.json
2026-01-20T15:30:54.517562 - Loading auth from /data/auth.json with locale Locale class for domain: com, marketplace: AF2M0KC94RCEA
2026-01-20T15:30:54.517705 - Loaded auth. Marketplace: Unknown
2026-01-20T15:30:54.689489 - Checking for config in: /host_audible, /root/.audible
2026-01-20T15:30:54.689690 - Found locale_code='us' in /data/auth.json
2026-01-20T15:30:54.689714 - Loading auth from /data/auth.json with locale Locale class for domain: com, marketplace: AF2M0KC94RCEA
2026-01-20T15:30:54.690312 - Loaded auth. Marketplace: Unknown
2026-01-20T15:30:57.237683 - Checking for config in: /host_audible, /root/.audible
2026-01-20T15:30:57.238345 - Found locale_code='us' in /data/auth.json
2026-01-20T15:30:57.239531 - Loading auth from /data/auth.json with locale Locale class for domain: com, marketplace: AF2M0KC94RCEA
2026-01-20T15:30:57.239890 - Loaded auth. Marketplace: Unknown
2026-01-20T15:30:58.442491 - Checking for config in: /host_audible, /root/.audible
2026-01-20T15:30:58.442704 - Found locale_code='us' in /data/auth.json
2026-01-20T15:30:58.442770 - Loading auth from /data/auth.json with locale Locale class for domain: com, marketplace: AF2M0KC94RCEA
2026-01-20T15:30:58.443649 - Loaded auth. Marketplace: Unknown
2026-01-20T15:30:59.985301 - Checking for config in: /host_audible, /root/.audible
2026-01-20T15:30:59.985743 - Found locale_code='us' in /data/auth.json
2026-01-20T15:30:59.985920 - Loading auth from /data/auth.json with locale Locale class for domain: com, marketplace: AF2M0KC94RCEA
2026-01-20T15:30:59.986114 - Loaded auth. Marketplace: Unknown
2026-01-20T15:31:00.161036 - Checking for config in: /host_audible, /root/.audible
2026-01-20T15:31:00.161129 - Found locale_code='us' in /data/auth.json
2026-01-20T15:31:00.161151 - Loading auth from /data/auth.json with locale Locale class for domain: com, marketplace: AF2M0KC94RCEA
2026-01-20T15:31:00.161261 - Loaded auth. Marketplace: Unknown
2026-01-20T15:31:01.622087 - Checking for config in: /host_audible, /root/.audible
2026-01-20T15:31:01.622185 - Found locale_code='us' in /data/auth.json
2026-01-20T15:31:01.622205 - Loading auth from /data/auth.json with locale Locale class for domain: com, marketplace: AF2M0KC94RCEA
2026-01-20T15:31:01.622313 - Loaded auth. Marketplace: Unknown
2026-01-20T15:31:01.792861 - Checking for config in: /host_audible, /root/.audible
2026-01-20T15:31:01.792967 - Found locale_code='us' in /data/auth.json
2026-01-20T15:31:01.793097 - Loading auth from /data/auth.json with locale Locale class for domain: com, marketplace: AF2M0KC94RCEA
2026-01-20T15:31:01.793412 - Loaded auth. Marketplace: Unknown
2026-01-20T15:31:03.393953 - Checking for config in: /host_audible, /root/.audible
2026-01-20T15:31:03.394271 - Found locale_code='us' in /data/auth.json
2026-01-20T15:31:03.394331 - Loading auth from /data/auth.json with locale Locale class for domain: com, marketplace: AF2M0KC94RCEA
2026-01-20T15:31:03.394857 - Loaded auth. Marketplace: Unknown
2026-01-20T15:31:04.276125 - Checking for config in: /host_audible, /root/.audible
2026-01-20T15:31:04.276325 - Found locale_code='us' in /data/auth.json
2026-01-20T15:31:04.276352 - Loading auth from /data/auth.json with locale Locale class for domain: com, marketplace: AF2M0KC94RCEA
2026-01-20T15:31:04.276594 - Loaded auth. Marketplace: Unknown
2026-01-20T15:31:05.972768 - Checking for config in: /host_audible, /root/.audible
2026-01-20T15:31:05.973062 - Found locale_code='us' in /data/auth.json
2026-01-20T15:31:05.973111 - Loading auth from /data/auth.json with locale Locale class for domain: com, marketplace: AF2M0KC94RCEA
2026-01-20T15:31:05.973361 - Loaded auth. Marketplace: Unknown
2026-01-20T15:31:06.175183 - Checking for config in: /host_audible, /root/.audible
2026-01-20T15:31:06.175285 - Found locale_code='us' in /data/auth.json
2026-01-20T15:31:06.175302 - Loading auth from /data/auth.json with locale Locale class for domain: com, marketplace: AF2M0KC94RCEA
2026-01-20T15:31:06.175418 - Loaded auth. Marketplace: Unknown
2026-01-20T15:31:13.587191 - Checking for config in: /host_audible, /root/.audible
2026-01-20T15:31:13.587553 - Found locale_code='us' in /data/auth.json
2026-01-20T15:31:13.587967 - Loading auth from /data/auth.json with locale Locale class for domain: com, marketplace: AF2M0KC94RCEA
2026-01-20T15:31:13.588259 - Loaded auth. Marketplace: Unknown
2026-01-20T15:31:13.787146 - Checking for config in: /host_audible, /root/.audible
2026-01-20T15:31:13.787571 - Found locale_code='us' in /data/auth.json
2026-01-20T15:31:13.787594 - Loading auth from /data/auth.json with locale Locale class for domain: com, marketplace: AF2M0KC94RCEA
2026-01-20T15:31:13.787697 - Loaded auth. Marketplace: Unknown
2026-01-20T15:31:20.268461 - Checking for config in: /host_audible, /root/.audible
2026-01-20T15:31:20.268655 - Found locale_code='us' in /data/auth.json
2026-01-20T15:31:20.268708 - Loading auth from /data/auth.json with locale Locale class for domain: com, marketplace: AF2M0KC94RCEA
2026-01-20T15:31:20.268987 - Loaded auth. Marketplace: Unknown
2026-01-20T15:31:20.444471 - Checking for config in: /host_audible, /root/.audible
2026-01-20T15:31:20.444985 - Found locale_code='us' in /data/auth.json
2026-01-20T15:31:20.445021 - Loading auth from /data/auth.json with locale Locale class for domain: com, marketplace: AF2M0KC94RCEA
2026-01-20T15:31:20.445141 - Loaded auth. Marketplace: Unknown
2026-01-20T15:31:28.807676 - Checking for config in: /host_audible, /root/.audible
2026-01-20T15:31:28.808850 - Found locale_code='us' in /data/auth.json
2026-01-20T15:31:28.809023 - Loading auth from /data/auth.json with locale Locale class for domain: com, marketplace: AF2M0KC94RCEA
2026-01-20T15:31:28.809581 - Loaded auth. Marketplace: Unknown
2026-01-20T15:31:49.141536 - Checking for config in: /host_audible, /root/.audible
2026-01-20T15:31:49.141884 - Found locale_code='us' in /data/auth.json
2026-01-20T15:31:49.141936 - Loading auth from /data/auth.json with locale Locale class for domain: com, marketplace: AF2M0KC94RCEA
2026-01-20T15:31:49.142185 - Loaded auth. Marketplace: Unknown
2026-01-20T15:31:50.146605 - Checking for config in: /host_audible, /root/.audible
2026-01-20T15:31:50.146869 - Found locale_code='us' in /data/auth.json
2026-01-20T15:31:50.146899 - Loading auth from /data/auth.json with locale Locale class for domain: com, marketplace: AF2M0KC94RCEA
2026-01-20T15:31:50.147096 - Loaded auth. Marketplace: Unknown
2026-01-20T15:31:52.017713 - Checking for config in: /host_audible, /root/.audible
2026-01-20T15:31:52.018281 - Found locale_code='us' in /data/auth.json
2026-01-20T15:31:52.018501 - Loading auth from /data/auth.json with locale Locale class for domain: com, marketplace: AF2M0KC94RCEA
2026-01-20T15:31:52.018749 - Loaded auth. Marketplace: Unknown
2026-01-20T15:31:52.198331 - Checking for config in: /host_audible, /root/.audible
2026-01-20T15:31:52.198729 - Found locale_code='us' in /data/auth.json
2026-01-20T15:31:52.198956 - Loading auth from /data/auth.json with locale Locale class for domain: com, marketplace: AF2M0KC94RCEA
2026-01-20T15:31:52.199091 - Loaded auth. Marketplace: Unknown
2026-01-20T15:42:41.878196 - Checking for config in: /host_audible, /root/.audible
2026-01-20T15:42:41.878363 - Found locale_code='us' in /data/auth.json
2026-01-20T15:42:41.878395 - Loading auth from /data/auth.json with locale Locale class for domain: com, marketplace: AF2M0KC94RCEA
2026-01-20T15:42:41.878724 - Loaded auth. Marketplace: Unknown
2026-01-20T15:42:58.108363 - Checking for config in: /host_audible, /root/.audible
2026-01-20T15:42:58.109757 - Found locale_code='us' in /data/auth.json
2026-01-20T15:42:58.109911 - Loading auth from /data/auth.json with locale Locale class for domain: com, marketplace: AF2M0KC94RCEA
2026-01-20T15:42:58.110278 - Loaded auth. Marketplace: Unknown
2026-01-20T15:42:58.307921 - Checking for config in: /host_audible, /root/.audible
2026-01-20T15:42:58.308098 - Found locale_code='us' in /data/auth.json
2026-01-20T15:42:58.308130 - Loading auth from /data/auth.json with locale Locale class for domain: com, marketplace: AF2M0KC94RCEA
2026-01-20T15:42:58.308328 - Loaded auth. Marketplace: Unknown
2026-01-20T15:43:03.179834 - Checking for config in: /host_audible, /root/.audible
2026-01-20T15:43:03.180202 - Found locale_code='us' in /data/auth.json
2026-01-20T15:43:03.181100 - Loading auth from /data/auth.json with locale Locale class for domain: com, marketplace: AF2M0KC94RCEA
2026-01-20T15:43:03.181320 - Loaded auth. Marketplace: Unknown
2026-01-20T15:43:03.354148 - Checking for config in: /host_audible, /root/.audible
2026-01-20T15:43:03.354591 - Found locale_code='us' in /data/auth.json
2026-01-20T15:43:03.354752 - Loading auth from /data/auth.json with locale Locale class for domain: com, marketplace: AF2M0KC94RCEA
2026-01-20T15:43:03.355016 - Loaded auth. Marketplace: Unknown
2026-01-20T15:43:06.538973 - Checking for config in: /host_audible, /root/.audible
2026-01-20T15:43:06.539346 - Found locale_code='us' in /data/auth.json
2026-01-20T15:43:06.539392 - Loading auth from /data/auth.json with locale Locale class for domain: com, marketplace: AF2M0KC94RCEA
2026-01-20T15:43:06.539592 - Loaded auth. Marketplace: Unknown
2026-01-20T15:43:06.736708 - Checking for config in: /host_audible, /root/.audible
2026-01-20T15:43:06.737343 - Found locale_code='us' in /data/auth.json
2026-01-20T15:43:06.737652 - Loading auth from /data/auth.json with locale Locale class for domain: com, marketplace: AF2M0KC94RCEA
2026-01-20T15:43:06.737791 - Loaded auth. Marketplace: Unknown
2026-01-20T15:43:08.570907 - Checking for config in: /host_audible, /root/.audible
2026-01-20T15:43:08.571143 - Found locale_code='us' in /data/auth.json
2026-01-20T15:43:08.571279 - Loading auth from /data/auth.json with locale Locale class for domain: com, marketplace: AF2M0KC94RCEA
2026-01-20T15:43:08.571457 - Loaded auth. Marketplace: Unknown
2026-01-20T15:43:08.746120 - Checking for config in: /host_audible, /root/.audible
2026-01-20T15:43:08.746394 - Found locale_code='us' in /data/auth.json
2026-01-20T15:43:08.746443 - Loading auth from /data/auth.json with locale Locale class for domain: com, marketplace: AF2M0KC94RCEA
2026-01-20T15:43:08.746544 - Loaded auth. Marketplace: Unknown
2026-01-20T15:43:10.544632 - Checking for config in: /host_audible, /root/.audible
2026-01-20T15:43:10.545111 - Found locale_code='us' in /data/auth.json
2026-01-20T15:43:10.545161 - Loading auth from /data/auth.json with locale Locale class for domain: com, marketplace: AF2M0KC94RCEA
2026-01-20T15:43:10.545359 - Loaded auth. Marketplace: Unknown
2026-01-20T15:43:10.722203 - Checking for config in: /host_audible, /root/.audible
2026-01-20T15:43:10.722540 - Found locale_code='us' in /data/auth.json
2026-01-20T15:43:10.722584 - Loading auth from /data/auth.json with locale Locale class for domain: com, marketplace: AF2M0KC94RCEA
2026-01-20T15:43:10.722708 - Loaded auth. Marketplace: Unknown
2026-01-20T15:43:12.916992 - Checking for config in: /host_audible, /root/.audible
2026-01-20T15:43:12.917209 - Found locale_code='us' in /data/auth.json
2026-01-20T15:43:12.917260 - Loading auth from /data/auth.json with locale Locale class for domain: com, marketplace: AF2M0KC94RCEA
2026-01-20T15:43:12.917576 - Loaded auth. Marketplace: Unknown
2026-01-20T15:43:13.440855 - Checking for config in: /host_audible, /root/.audible
2026-01-20T15:43:13.441159 - Found locale_code='us' in /data/auth.json
2026-01-20T15:43:13.441186 - Loading auth from /data/auth.json with locale Locale class for domain: com, marketplace: AF2M0KC94RCEA
2026-01-20T15:43:13.442030 - Loaded auth. Marketplace: Unknown
2026-01-20T15:43:14.667421 - Checking for config in: /host_audible, /root/.audible
2026-01-20T15:43:14.667827 - Found locale_code='us' in /data/auth.json
2026-01-20T15:43:14.667861 - Loading auth from /data/auth.json with locale Locale class for domain: com, marketplace: AF2M0KC94RCEA
2026-01-20T15:43:14.667969 - Loaded auth. Marketplace: Unknown
2026-01-20T15:43:16.554524 - Checking for config in: /host_audible, /root/.audible
2026-01-20T15:43:16.555267 - Found locale_code='us' in /data/auth.json
2026-01-20T15:43:16.555309 - Loading auth from /data/auth.json with locale Locale class for domain: com, marketplace: AF2M0KC94RCEA
2026-01-20T15:43:16.555707 - Loaded auth. Marketplace: Unknown
2026-01-20T15:43:21.920882 - Checking for config in: /host_audible, /root/.audible
2026-01-20T15:43:21.921712 - Found locale_code='us' in /data/auth.json
2026-01-20T15:43:21.921747 - Loading auth from /data/auth.json with locale Locale class for domain: com, marketplace: AF2M0KC94RCEA
2026-01-20T15:43:21.922249 - Loaded auth. Marketplace: Unknown
2026-01-20T15:43:22.092918 - Checking for config in: /host_audible, /root/.audible
2026-01-20T15:43:22.093036 - Found locale_code='us' in /data/auth.json
2026-01-20T15:43:22.093133 - Loading auth from /data/auth.json with locale Locale class for domain: com, marketplace: AF2M0KC94RCEA
2026-01-20T15:43:22.093254 - Loaded auth. Marketplace: Unknown
2026-01-20T15:43:27.176404 - Checking for config in: /host_audible, /root/.audible
2026-01-20T15:43:27.176682 - Found locale_code='us' in /data/auth.json
2026-01-20T15:43:27.177754 - Loading auth from /data/auth.json with locale Locale class for domain: com, marketplace: AF2M0KC94RCEA
2026-01-20T15:43:27.178056 - Loaded auth. Marketplace: Unknown
2026-01-20T15:43:27.346550 - Checking for config in: /host_audible, /root/.audible
2026-01-20T15:43:27.346765 - Found locale_code='us' in /data/auth.json
2026-01-20T15:43:27.346896 - Loading auth from /data/auth.json with locale Locale class for domain: com, marketplace: AF2M0KC94RCEA
2026-01-20T15:43:27.347089 - Loaded auth. Marketplace: Unknown
2026-01-20T15:44:13.496529 - Checking for config in: /host_audible, /root/.audible
2026-01-20T15:44:13.498096 - Found locale_code='us' in /data/auth.json
2026-01-20T15:44:13.498154 - Loading auth from /data/auth.json with locale Locale class for domain: com, marketplace: AF2M0KC94RCEA
2026-01-20T15:44:13.498331 - Loaded auth. Marketplace: Unknown
2026-01-20T15:44:37.756946 - Checking for config in: /host_audible, /root/.audible
2026-01-20T15:44:37.757604 - Found locale_code='us' in /data/auth.json
2026-01-20T15:44:37.757649 - Loading auth from /data/auth.json with locale Locale class for domain: com, marketplace: AF2M0KC94RCEA
2026-01-20T15:44:37.757791 - Loaded auth. Marketplace: Unknown
2026-01-20T15:44:38.797167 - Checking for config in: /host_audible, /root/.audible
2026-01-20T15:44:38.797285 - Found locale_code='us' in /data/auth.json
2026-01-20T15:44:38.797306 - Loading auth from /data/auth.json with locale Locale class for domain: com, marketplace: AF2M0KC94RCEA
2026-01-20T15:44:38.797414 - Loaded auth. Marketplace: Unknown
2026-01-20T15:44:47.429014 - Checking for config in: /host_audible, /root/.audible
2026-01-20T15:44:47.429234 - Found locale_code='us' in /data/auth.json
2026-01-20T15:44:47.429784 - Loading auth from /data/auth.json with locale Locale class for domain: com, marketplace: AF2M0KC94RCEA
2026-01-20T15:44:47.430747 - Loaded auth. Marketplace: Unknown
2026-01-20T15:53:22.776085 - Checking for config in: /host_audible, /root/.audible
2026-01-20T15:53:22.776192 - Found locale_code='us' in /data/auth.json
2026-01-20T15:53:22.776305 - Loading auth from /data/auth.json with locale Locale class for domain: com, marketplace: AF2M0KC94RCEA
2026-01-20T15:53:22.778359 - Loaded auth. Marketplace: Unknown
2026-01-20T16:29:45.801246 - Checking for config in: /host_audible, /root/.audible
2026-01-20T16:29:45.801538 - Found locale_code='us' in /data/auth.json
2026-01-20T16:29:45.801616 - Loading auth from /data/auth.json with locale Locale class for domain: com, marketplace: AF2M0KC94RCEA
2026-01-20T16:29:45.801928 - Loaded auth. Marketplace: Unknown
2026-01-20T16:31:27.794170 - Checking for config in: /host_audible, /root/.audible
2026-01-20T16:31:27.794276 - Found locale_code='us' in /data/auth.json
2026-01-20T16:31:27.794304 - Loading auth from /data/auth.json with locale Locale class for domain: com, marketplace: AF2M0KC94RCEA
2026-01-20T16:31:27.794628 - Loaded auth. Marketplace: Unknown
2026-01-20T16:32:29.987964 - Checking for config in: /host_audible, /root/.audible
2026-01-20T16:32:29.988513 - Found locale_code='us' in /data/auth.json
2026-01-20T16:32:29.988599 - Loading auth from /data/auth.json with locale Locale class for domain: com, marketplace: AF2M0KC94RCEA
2026-01-20T16:32:29.988875 - Loaded auth. Marketplace: Unknown
2026-01-20T16:32:33.801018 - Checking for config in: /host_audible, /root/.audible
2026-01-20T16:32:33.802391 - Found locale_code='us' in /data/auth.json
2026-01-20T16:32:33.802438 - Loading auth from /data/auth.json with locale Locale class for domain: com, marketplace: AF2M0KC94RCEA
2026-01-20T16:32:33.802587 - Loaded auth. Marketplace: Unknown
2026-01-20T16:32:35.938748 - Checking for config in: /host_audible, /root/.audible
2026-01-20T16:32:35.939387 - Found locale_code='us' in /data/auth.json
2026-01-20T16:32:35.939604 - Loading auth from /data/auth.json with locale Locale class for domain: com, marketplace: AF2M0KC94RCEA
2026-01-20T16:32:35.940036 - Loaded auth. Marketplace: Unknown
2026-01-20T16:32:36.129335 - Checking for config in: /host_audible, /root/.audible
2026-01-20T16:32:36.129818 - Found locale_code='us' in /data/auth.json
2026-01-20T16:32:36.129851 - Loading auth from /data/auth.json with locale Locale class for domain: com, marketplace: AF2M0KC94RCEA
2026-01-20T16:32:36.129972 - Loaded auth. Marketplace: Unknown
2026-01-20T16:32:38.113494 - Checking for config in: /host_audible, /root/.audible
2026-01-20T16:32:38.114568 - Found locale_code='us' in /data/auth.json
2026-01-20T16:32:38.114651 - Loading auth from /data/auth.json with locale Locale class for domain: com, marketplace: AF2M0KC94RCEA
2026-01-20T16:32:38.114996 - Loaded auth. Marketplace: Unknown
2026-01-20T16:32:38.309757 - Checking for config in: /host_audible, /root/.audible
2026-01-20T16:32:38.310140 - Found locale_code='us' in /data/auth.json
2026-01-20T16:32:38.310181 - Loading auth from /data/auth.json with locale Locale class for domain: com, marketplace: AF2M0KC94RCEA
2026-01-20T16:32:38.310320 - Loaded auth. Marketplace: Unknown
2026-01-20T16:32:40.145321 - Checking for config in: /host_audible, /root/.audible
2026-01-20T16:32:40.146186 - Found locale_code='us' in /data/auth.json
2026-01-20T16:32:40.146276 - Loading auth from /data/auth.json with locale Locale class for domain: com, marketplace: AF2M0KC94RCEA
2026-01-20T16:32:40.146607 - Loaded auth. Marketplace: Unknown
2026-01-20T16:32:40.288474 - Checking for config in: /host_audible, /root/.audible
2026-01-20T16:32:40.288640 - Found locale_code='us' in /data/auth.json
2026-01-20T16:32:40.288667 - Loading auth from /data/auth.json with locale Locale class for domain: com, marketplace: AF2M0KC94RCEA
2026-01-20T16:32:40.288770 - Loaded auth. Marketplace: Unknown
2026-01-20T16:32:41.982991 - Checking for config in: /host_audible, /root/.audible
2026-01-20T16:32:41.983514 - Found locale_code='us' in /data/auth.json
2026-01-20T16:32:41.983560 - Loading auth from /data/auth.json with locale Locale class for domain: com, marketplace: AF2M0KC94RCEA
2026-01-20T16:32:41.983784 - Loaded auth. Marketplace: Unknown
2026-01-20T16:32:42.160677 - Checking for config in: /host_audible, /root/.audible
2026-01-20T16:32:42.160937 - Found locale_code='us' in /data/auth.json
2026-01-20T16:32:42.160966 - Loading auth from /data/auth.json with locale Locale class for domain: com, marketplace: AF2M0KC94RCEA
2026-01-20T16:32:42.161273 - Loaded auth. Marketplace: Unknown
2026-01-20T16:34:58.453880 - Checking for config in: /host_audible, /root/.audible
2026-01-20T16:34:58.453973 - Found locale_code='us' in /data/auth.json
2026-01-20T16:34:58.454001 - Loading auth from /data/auth.json with locale Locale class for domain: com, marketplace: AF2M0KC94RCEA
2026-01-20T16:34:58.454381 - Loaded auth. Marketplace: Unknown
2026-01-20T17:28:31.436709 - Checking for config in: /host_audible, /root/.audible
2026-01-20T17:28:31.437456 - Found locale_code='us' in /data/auth.json
2026-01-20T17:28:31.437731 - Loading auth from /data/auth.json with locale Locale class for domain: com, marketplace: AF2M0KC94RCEA
2026-01-20T17:28:31.438757 - Loaded auth. Marketplace: Unknown
2026-01-20T17:29:02.101774 - Checking for config in: /host_audible, /root/.audible
2026-01-20T17:29:02.101874 - Found locale_code='us' in /data/auth.json
2026-01-20T17:29:02.101902 - Loading auth from /data/auth.json with locale Locale class for domain: com, marketplace: AF2M0KC94RCEA
2026-01-20T17:29:02.102029 - Loaded auth. Marketplace: Unknown
2026-01-20T17:29:06.572180 - Checking for config in: /host_audible, /root/.audible
2026-01-20T17:29:06.572485 - Found locale_code='us' in /data/auth.json
2026-01-20T17:29:06.572542 - Loading auth from /data/auth.json with locale Locale class for domain: com, marketplace: AF2M0KC94RCEA
2026-01-20T17:29:06.572724 - Loaded auth. Marketplace: Unknown
2026-01-20T17:29:32.321387 - Checking for config in: /host_audible, /root/.audible
2026-01-20T17:29:32.321534 - Found locale_code='us' in /data/auth.json
2026-01-20T17:29:32.321570 - Loading auth from /data/auth.json with locale Locale class for domain: com, marketplace: AF2M0KC94RCEA
2026-01-20T17:29:32.321768 - Loaded auth. Marketplace: Unknown
2026-01-20T17:29:32.633880 - Checking for config in: /host_audible, /root/.audible
2026-01-20T17:29:32.634114 - Found locale_code='us' in /data/auth.json
2026-01-20T17:29:32.634167 - Loading auth from /data/auth.json with locale Locale class for domain: com, marketplace: AF2M0KC94RCEA
2026-01-20T17:29:32.634431 - Loaded auth. Marketplace: Unknown
2026-01-20T17:29:39.427537 - Checking for config in: /host_audible, /root/.audible
2026-01-20T17:29:39.428975 - Found locale_code='us' in /data/auth.json
2026-01-20T17:29:39.429026 - Loading auth from /data/auth.json with locale Locale class for domain: com, marketplace: AF2M0KC94RCEA
2026-01-20T17:29:39.429320 - Loaded auth. Marketplace: Unknown
2026-01-20T17:32:24.311774 - Checking for config in: /host_audible, /root/.audible
2026-01-20T17:32:24.311962 - Found locale_code='us' in /data/auth.json
2026-01-20T17:32:24.311998 - Loading auth from /data/auth.json with locale Locale class for domain: com, marketplace: AF2M0KC94RCEA
2026-01-20T17:32:24.312397 - Loaded auth. Marketplace: Unknown
2026-01-20T17:32:49.088467 - Checking for config in: /host_audible, /root/.audible
2026-01-20T17:32:49.088844 - Found locale_code='us' in /data/auth.json
2026-01-20T17:32:49.088887 - Loading auth from /data/auth.json with locale Locale class for domain: com, marketplace: AF2M0KC94RCEA
2026-01-20T17:32:49.089011 - Loaded auth. Marketplace: Unknown
2026-01-20T17:32:49.636272 - Checking for config in: /host_audible, /root/.audible
2026-01-20T17:32:49.636375 - Found locale_code='us' in /data/auth.json
2026-01-20T17:32:49.636397 - Loading auth from /data/auth.json with locale Locale class for domain: com, marketplace: AF2M0KC94RCEA
2026-01-20T17:32:49.636513 - Loaded auth. Marketplace: Unknown
2026-01-20T17:32:52.373058 - Checking for config in: /host_audible, /root/.audible
2026-01-20T17:32:52.373708 - Found locale_code='us' in /data/auth.json
2026-01-20T17:32:52.373838 - Loading auth from /data/auth.json with locale Locale class for domain: com, marketplace: AF2M0KC94RCEA
2026-01-20T17:32:52.374049 - Loaded auth. Marketplace: Unknown
2026-01-20T17:32:52.885840 - Checking for config in: /host_audible, /root/.audible
2026-01-20T17:32:52.886358 - Found locale_code='us' in /data/auth.json
2026-01-20T17:32:52.886871 - Loading auth from /data/auth.json with locale Locale class for domain: com, marketplace: AF2M0KC94RCEA
2026-01-20T17:32:52.887390 - Loaded auth. Marketplace: Unknown
2026-01-20T17:32:55.542125 - Checking for config in: /host_audible, /root/.audible
2026-01-20T17:32:55.542394 - Found locale_code='us' in /data/auth.json
2026-01-20T17:32:55.542591 - Loading auth from /data/auth.json with locale Locale class for domain: com, marketplace: AF2M0KC94RCEA
2026-01-20T17:32:55.542860 - Loaded auth. Marketplace: Unknown
2026-01-20T17:32:57.259348 - Checking for config in: /host_audible, /root/.audible
2026-01-20T17:32:57.259559 - Found locale_code='us' in /data/auth.json
2026-01-20T17:32:57.259963 - Loading auth from /data/auth.json with locale Locale class for domain: com, marketplace: AF2M0KC94RCEA
2026-01-20T17:32:57.260231 - Loaded auth. Marketplace: Unknown
2026-01-20T17:33:04.338199 - Checking for config in: /host_audible, /root/.audible
2026-01-20T17:33:04.338309 - Found locale_code='us' in /data/auth.json
2026-01-20T17:33:04.338335 - Loading auth from /data/auth.json with locale Locale class for domain: com, marketplace: AF2M0KC94RCEA
2026-01-20T17:33:04.338460 - Loaded auth. Marketplace: Unknown
2026-01-20T17:33:08.271966 - Checking for config in: /host_audible, /root/.audible
2026-01-20T17:33:08.272100 - Found locale_code='us' in /data/auth.json
2026-01-20T17:33:08.272368 - Loading auth from /data/auth.json with locale Locale class for domain: com, marketplace: AF2M0KC94RCEA
2026-01-20T17:33:08.272506 - Loaded auth. Marketplace: Unknown
2026-01-20T17:33:08.738805 - Checking for config in: /host_audible, /root/.audible
2026-01-20T17:33:08.738977 - Found locale_code='us' in /data/auth.json
2026-01-20T17:33:08.739003 - Loading auth from /data/auth.json with locale Locale class for domain: com, marketplace: AF2M0KC94RCEA
2026-01-20T17:33:08.739123 - Loaded auth. Marketplace: Unknown
2026-01-20T17:33:10.429742 - Checking for config in: /host_audible, /root/.audible
2026-01-20T17:33:10.430329 - Found locale_code='us' in /data/auth.json
2026-01-20T17:33:10.430653 - Loading auth from /data/auth.json with locale Locale class for domain: com, marketplace: AF2M0KC94RCEA
2026-01-20T17:33:10.430935 - Loaded auth. Marketplace: Unknown
2026-01-20T17:33:10.937375 - Checking for config in: /host_audible, /root/.audible
2026-01-20T17:33:10.937722 - Found locale_code='us' in /data/auth.json
2026-01-20T17:33:10.938572 - Loading auth from /data/auth.json with locale Locale class for domain: com, marketplace: AF2M0KC94RCEA
2026-01-20T17:33:10.938706 - Loaded auth. Marketplace: Unknown
2026-01-20T17:33:12.582633 - Checking for config in: /host_audible, /root/.audible
2026-01-20T17:33:12.583270 - Found locale_code='us' in /data/auth.json
2026-01-20T17:33:12.583341 - Loading auth from /data/auth.json with locale Locale class for domain: com, marketplace: AF2M0KC94RCEA
2026-01-20T17:33:12.583818 - Loaded auth. Marketplace: Unknown
2026-01-20T17:33:13.101429 - Checking for config in: /host_audible, /root/.audible
2026-01-20T17:33:13.101788 - Found locale_code='us' in /data/auth.json
2026-01-20T17:33:13.101809 - Loading auth from /data/auth.json with locale Locale class for domain: com, marketplace: AF2M0KC94RCEA
2026-01-20T17:33:13.102512 - Loaded auth. Marketplace: Unknown
2026-01-20T17:38:13.921907 - Checking for config in: /host_audible, /root/.audible
2026-01-20T17:38:13.922604 - Found locale_code='us' in /data/auth.json
2026-01-20T17:38:13.922910 - Loading auth from /data/auth.json with locale Locale class for domain: com, marketplace: AF2M0KC94RCEA
2026-01-20T17:38:13.923403 - Loaded auth. Marketplace: Unknown
2026-01-20T17:38:25.243200 - Checking for config in: /host_audible, /root/.audible
2026-01-20T17:38:25.243719 - Found locale_code='us' in /data/auth.json
2026-01-20T17:38:25.243774 - Loading auth from /data/auth.json with locale Locale class for domain: com, marketplace: AF2M0KC94RCEA
2026-01-20T17:38:25.244007 - Loaded auth. Marketplace: Unknown
2026-01-20T18:22:23.384308 - Checking for config in: /host_audible, /root/.audible
2026-01-20T18:22:23.384505 - Found locale_code='us' in /data/auth.json
2026-01-20T18:22:23.384574 - Loading auth from /data/auth.json with locale Locale class for domain: com, marketplace: AF2M0KC94RCEA
2026-01-20T18:22:23.384888 - Loaded auth. Marketplace: Unknown
2026-01-20T18:23:13.816703 - Checking for config in: /host_audible, /root/.audible
2026-01-20T18:23:13.817667 - Found locale_code='us' in /data/auth.json
2026-01-20T18:23:13.817747 - Loading auth from /data/auth.json with locale Locale class for domain: com, marketplace: AF2M0KC94RCEA
2026-01-20T18:23:13.817960 - Loaded auth. Marketplace: Unknown
2026-01-20T18:54:47.331796 - Checking for config in: /host_audible, /root/.audible
2026-01-20T18:54:47.332092 - Found locale_code='us' in /data/auth.json
2026-01-20T18:54:47.332158 - Loading auth from /data/auth.json with locale Locale class for domain: com, marketplace: AF2M0KC94RCEA
2026-01-20T18:54:47.332512 - Loaded auth. Marketplace: Unknown
2026-01-20T18:54:56.918039 - Checking for config in: /host_audible, /root/.audible
2026-01-20T18:54:56.918486 - Found locale_code='us' in /data/auth.json
2026-01-20T18:54:56.918573 - Loading auth from /data/auth.json with locale Locale class for domain: com, marketplace: AF2M0KC94RCEA
2026-01-20T18:54:56.918915 - Loaded auth. Marketplace: Unknown
2026-01-20T18:54:58.399042 - Checking for config in: /host_audible, /root/.audible
2026-01-20T18:54:58.399305 - Found locale_code='us' in /data/auth.json
2026-01-20T18:54:58.399339 - Loading auth from /data/auth.json with locale Locale class for domain: com, marketplace: AF2M0KC94RCEA
2026-01-20T18:54:58.399540 - Loaded auth. Marketplace: Unknown
2026-01-21T01:41:04.231165 - Checking for config in: /host_audible, /root/.audible
2026-01-21T01:41:04.231518 - Found locale_code='us' in /data/auth.json
2026-01-21T01:41:04.231641 - Loading auth from /data/auth.json with locale Locale class for domain: com, marketplace: AF2M0KC94RCEA
2026-01-21T01:41:04.231955 - Loaded auth. Marketplace: Unknown
2026-01-21T01:41:14.628201 - Checking for config in: /host_audible, /root/.audible
2026-01-21T01:41:14.628348 - Found locale_code='us' in /data/auth.json
2026-01-21T01:41:14.628377 - Loading auth from /data/auth.json with locale Locale class for domain: com, marketplace: AF2M0KC94RCEA
2026-01-21T01:41:14.628528 - Loaded auth. Marketplace: Unknown
2026-01-21T01:41:14.684019 - Checking for config in: /host_audible, /root/.audible
2026-01-21T01:41:14.684314 - Found locale_code='us' in /data/auth.json
2026-01-21T01:41:14.684353 - Loading auth from /data/auth.json with locale Locale class for domain: com, marketplace: AF2M0KC94RCEA
2026-01-21T01:41:14.684526 - Loaded auth. Marketplace: Unknown
2026-01-21T01:41:18.251393 - Checking for config in: /host_audible, /root/.audible
2026-01-21T01:41:18.251641 - Found locale_code='us' in /data/auth.json
2026-01-21T01:41:18.251709 - Loading auth from /data/auth.json with locale Locale class for domain: com, marketplace: AF2M0KC94RCEA
2026-01-21T01:41:18.251891 - Loaded auth. Marketplace: Unknown
2026-01-21T01:41:25.353337 - Checking for config in: /host_audible, /root/.audible
2026-01-21T01:41:25.354559 - Found locale_code='us' in /data/auth.json
2026-01-21T01:41:25.355049 - Loading auth from /data/auth.json with locale Locale class for domain: com, marketplace: AF2M0KC94RCEA
2026-01-21T01:41:25.355366 - Loaded auth. Marketplace: Unknown
2026-01-21T01:53:35.717206 - Checking for config in: /host_audible, /root/.audible
2026-01-21T01:53:35.717359 - Found locale_code='us' in /data/auth.json
2026-01-21T01:53:35.717390 - Loading auth from /data/auth.json with locale Locale class for domain: com, marketplace: AF2M0KC94RCEA
2026-01-21T01:53:35.717728 - Loaded auth. Marketplace: Unknown
2026-01-21T01:53:41.597856 - Checking for config in: /host_audible, /root/.audible
2026-01-21T01:53:41.598386 - Found locale_code='us' in /data/auth.json
2026-01-21T01:53:41.598446 - Loading auth from /data/auth.json with locale Locale class for domain: com, marketplace: AF2M0KC94RCEA
2026-01-21T01:53:41.598631 - Loaded auth. Marketplace: Unknown
2026-01-21T01:55:12.339076 - Checking for config in: /host_audible, /root/.audible
2026-01-21T01:55:12.339191 - Found locale_code='us' in /data/auth.json
2026-01-21T01:55:12.339222 - Loading auth from /data/auth.json with locale Locale class for domain: com, marketplace: AF2M0KC94RCEA
2026-01-21T01:55:12.339344 - Loaded auth. Marketplace: Unknown
2026-01-21T02:02:26.006130 - Checking for config in: /host_audible, /root/.audible
2026-01-21T02:02:26.006360 - Found locale_code='us' in /data/auth.json
2026-01-21T02:02:26.006438 - Loading auth from /data/auth.json with locale Locale class for domain: com, marketplace: AF2M0KC94RCEA
2026-01-21T02:02:26.006714 - Loaded auth. Marketplace: Unknown
2026-01-21T02:04:23.260040 - Checking for config in: /host_audible, /root/.audible
2026-01-21T02:04:23.260392 - Found locale_code='us' in /data/auth.json
2026-01-21T02:04:23.260428 - Loading auth from /data/auth.json with locale Locale class for domain: com, marketplace: AF2M0KC94RCEA
2026-01-21T02:04:23.260968 - Loaded auth. Marketplace: Unknown
2026-01-21T02:05:38.152363 - Checking for config in: /host_audible, /root/.audible
2026-01-21T02:05:38.152651 - Found locale_code='us' in /data/auth.json
2026-01-21T02:05:38.153827 - Loading auth from /data/auth.json with locale Locale class for domain: com, marketplace: AF2M0KC94RCEA
2026-01-21T02:05:38.154212 - Loaded auth. Marketplace: Unknown
2026-01-21T02:06:22.323613 - Checking for config in: /host_audible, /root/.audible
2026-01-21T02:06:22.323807 - Found locale_code='us' in /data/auth.json
2026-01-21T02:06:22.323837 - Loading auth from /data/auth.json with locale Locale class for domain: com, marketplace: AF2M0KC94RCEA
2026-01-21T02:06:22.324250 - Loaded auth. Marketplace: Unknown
2026-01-21T02:06:30.335502 - Checking for config in: /host_audible, /root/.audible
2026-01-21T02:06:30.335655 - Found locale_code='us' in /data/auth.json
2026-01-21T02:06:30.335691 - Loading auth from /data/auth.json with locale Locale class for domain: com, marketplace: AF2M0KC94RCEA
2026-01-21T02:06:30.335911 - Loaded auth. Marketplace: Unknown
2026-01-21T02:10:57.453390 - Checking for config in: /host_audible, /root/.audible
2026-01-21T02:10:57.454314 - Found locale_code='us' in /data/auth.json
2026-01-21T02:10:57.454553 - Loading auth from /data/auth.json with locale Locale class for domain: com, marketplace: AF2M0KC94RCEA
2026-01-21T02:10:57.455116 - Loaded auth. Marketplace: Unknown
2026-01-21T02:11:00.152535 - Checking for config in: /host_audible, /root/.audible
2026-01-21T02:11:00.152684 - Found locale_code='us' in /data/auth.json
2026-01-21T02:11:00.152748 - Loading auth from /data/auth.json with locale Locale class for domain: com, marketplace: AF2M0KC94RCEA
2026-01-21T02:11:00.152906 - Loaded auth. Marketplace: Unknown
2026-01-21T02:11:00.211542 - Checking for config in: /host_audible, /root/.audible
2026-01-21T02:11:00.211630 - Found locale_code='us' in /data/auth.json
2026-01-21T02:11:00.211650 - Loading auth from /data/auth.json with locale Locale class for domain: com, marketplace: AF2M0KC94RCEA
2026-01-21T02:11:00.211773 - Loaded auth. Marketplace: Unknown
2026-01-21T02:11:04.736899 - Checking for config in: /host_audible, /root/.audible
2026-01-21T02:11:04.737110 - Found locale_code='us' in /data/auth.json
2026-01-21T02:11:04.737148 - Loading auth from /data/auth.json with locale Locale class for domain: com, marketplace: AF2M0KC94RCEA
2026-01-21T02:11:04.737267 - Loaded auth. Marketplace: Unknown
2026-01-21T02:13:26.006384 - Checking for config in: /host_audible, /root/.audible
2026-01-21T02:13:26.006549 - Found locale_code='us' in /data/auth.json
2026-01-21T02:13:26.006584 - Loading auth from /data/auth.json with locale Locale class for domain: com, marketplace: AF2M0KC94RCEA
2026-01-21T02:13:26.006828 - Loaded auth. Marketplace: Unknown
2026-01-21T02:13:26.090642 - Checking for config in: /host_audible, /root/.audible
2026-01-21T02:13:26.091921 - Found locale_code='us' in /host_audible/audibleAuth
2026-01-21T02:13:26.095197 - Potential auth files in /host_audible: ['audibleAuth']
2026-01-21T02:13:26.095258 - Trying to login with /host_audible/audibleAuth...
2026-01-21T02:13:26.098661 - Login SUCCESS with /host_audible/audibleAuth!
2026-01-21T02:13:27.214343 - Checking for config in: /host_audible, /root/.audible
2026-01-21T02:13:27.215185 - Found locale_code='us' in /data/auth.json
2026-01-21T02:13:27.215464 - Loading auth from /data/auth.json with locale Locale class for domain: com, marketplace: AF2M0KC94RCEA
2026-01-21T02:13:27.216101 - Loaded auth. Marketplace: Unknown
2026-01-21T02:13:29.998417 - Checking for config in: /host_audible, /root/.audible
2026-01-21T02:13:29.998889 - Found locale_code='us' in /data/auth.json
2026-01-21T02:13:29.998925 - Loading auth from /data/auth.json with locale Locale class for domain: com, marketplace: AF2M0KC94RCEA
2026-01-21T02:13:29.999047 - Loaded auth. Marketplace: Unknown
2026-01-21T02:26:12.258278 - Checking for config in: /host_audible, /root/.audible
2026-01-21T02:26:12.268519 - Found locale_code='us' in /data/auth.json
2026-01-21T02:26:12.276662 - Loading auth from /data/auth.json with locale Locale class for domain: com, marketplace: AF2M0KC94RCEA
2026-01-21T02:26:12.288408 - Loaded auth. Marketplace: Unknown
2026-01-21T02:58:03.323532 - Checking for config in: /host_audible, /root/.audible
2026-01-21T02:58:05.561806 - Found locale_code='us' in /data/auth.json
2026-01-21T02:58:07.375304 - Loading auth from /data/auth.json with locale Locale class for domain: com, marketplace: AF2M0KC94RCEA
2026-01-21T02:58:10.353200 - Loaded auth. Marketplace: Unknown
